<?xml version="1.0" encoding="UTF-8"?>
<coverage generated="1782472738106" clover="3.2.0">
  <project timestamp="1782472738106" name="All files">
    <metrics statements="3871" coveredstatements="3748" conditionals="2865" coveredconditionals="2489" methods="1112" coveredmethods="1032" elements="7848" coveredelements="7269" complexity="0" loc="3871" ncloc="3871" packages="11" files="50" classes="50"/>
    <package name="__test_utils__">
      <metrics statements="6" coveredstatements="4" conditionals="0" coveredconditionals="0" methods="5" coveredmethods="3"/>
      <file name="helpers.ts" path="/home/schlitzer/PycharmProjects/pyppetdb-web/src/__test_utils__/helpers.ts">
        <metrics statements="6" coveredstatements="4" conditionals="0" coveredconditionals="0" methods="5" coveredmethods="3"/>
        <line num="4" count="47" type="stmt"/>
        <line num="17" count="47" type="stmt"/>
        <line num="21" count="0" type="stmt"/>
        <line num="29" count="202" type="stmt"/>
        <line num="43" count="0" type="stmt"/>
        <line num="58" count="47" type="stmt"/>
      </file>
    </package>
    <package name="api">
      <metrics statements="29" coveredstatements="29" conditionals="23" coveredconditionals="23" methods="6" coveredmethods="6"/>
      <file name="client.ts" path="/home/schlitzer/PycharmProjects/pyppetdb-web/src/api/client.ts">
        <metrics statements="29" coveredstatements="29" conditionals="23" coveredconditionals="23" methods="6" coveredmethods="6"/>
        <line num="14" count="9" type="stmt"/>
        <line num="15" count="9" type="stmt"/>
        <line num="17" count="9" type="stmt"/>
        <line num="23" count="3" type="stmt"/>
        <line num="24" count="3" type="stmt"/>
        <line num="25" count="5" type="cond" truecount="2" falsecount="0"/>
        <line num="26" count="1" type="stmt"/>
        <line num="27" count="2" type="stmt"/>
        <line num="29" count="4" type="cond" truecount="4" falsecount="0"/>
        <line num="30" count="2" type="stmt"/>
        <line num="33" count="3" type="stmt"/>
        <line num="38" count="9" type="cond" truecount="2" falsecount="0"/>
        <line num="39" count="2" type="stmt"/>
        <line num="42" count="9" type="cond" truecount="4" falsecount="0"/>
        <line num="43" count="2" type="stmt"/>
        <line num="46" count="9" type="stmt"/>
        <line num="47" count="9" type="stmt"/>
        <line num="48" count="6" type="stmt"/>
        <line num="50" count="3" type="cond" truecount="4" falsecount="0"/>
        <line num="51" count="1" type="stmt"/>
        <line num="52" count="1" type="stmt"/>
        <line num="54" count="2" type="cond" truecount="2" falsecount="0"/>
        <line num="55" count="1" type="stmt"/>
        <line num="58" count="3" type="stmt"/>
        <line num="62" count="8" type="stmt"/>
        <line num="68" count="1" type="stmt"/>
        <line num="77" count="1" type="stmt"/>
        <line num="86" count="1" type="stmt"/>
        <line num="90" count="1" type="stmt"/>
      </file>
    </package>
    <package name="components.generic">
      <metrics statements="347" coveredstatements="346" conditionals="286" coveredconditionals="253" methods="87" coveredmethods="86"/>
      <file name="ResourceForm.vue" path="/home/schlitzer/PycharmProjects/pyppetdb-web/src/components/generic/ResourceForm.vue">
        <metrics statements="244" coveredstatements="243" conditionals="234" coveredconditionals="204" methods="53" coveredmethods="52"/>
        <line num="2" count="33" type="stmt"/>
        <line num="8" count="2" type="stmt"/>
        <line num="15" count="1" type="cond" truecount="2" falsecount="0"/>
        <line num="17" count="464" type="cond" truecount="1" falsecount="0"/>
        <line num="20" count="2" type="stmt"/>
        <line num="21" count="1858" type="stmt"/>
        <line num="40" count="1" type="stmt"/>
        <line num="48" count="1" type="stmt"/>
        <line num="57" count="1" type="stmt"/>
        <line num="67" count="1" type="stmt"/>
        <line num="78" count="1" type="stmt"/>
        <line num="87" count="0" type="stmt"/>
        <line num="107" count="2" type="stmt"/>
        <line num="110" count="1" type="stmt"/>
        <line num="118" count="2" type="stmt"/>
        <line num="121" count="1" type="stmt"/>
        <line num="136" count="1" type="stmt"/>
        <line num="148" count="1" type="stmt"/>
        <line num="150" count="1" type="stmt"/>
        <line num="166" count="2" type="stmt"/>
        <line num="168" count="1" type="cond" truecount="2" falsecount="0"/>
        <line num="179" count="8" type="stmt"/>
        <line num="180" count="2" type="stmt"/>
        <line num="184" count="72" type="stmt"/>
        <line num="186" count="77" type="stmt"/>
        <line num="191" count="2" type="stmt"/>
        <line num="209" count="1" type="stmt"/>
        <line num="217" count="2" type="stmt"/>
        <line num="228" count="2" type="stmt"/>
        <line num="248" count="1" type="cond" truecount="2" falsecount="0"/>
        <line num="254" count="2" type="stmt"/>
        <line num="261" count="2" type="stmt"/>
        <line num="265" count="2" type="stmt"/>
        <line num="274" count="1" type="cond" truecount="2" falsecount="0"/>
        <line num="279" count="2" type="stmt"/>
        <line num="283" count="2" type="stmt"/>
        <line num="292" count="1" type="cond" truecount="2" falsecount="0"/>
        <line num="297" count="2" type="stmt"/>
        <line num="304" count="2" type="cond" truecount="2" falsecount="0"/>
        <line num="342" count="30" type="stmt"/>
        <line num="346" count="30" type="stmt"/>
        <line num="347" count="30" type="stmt"/>
        <line num="348" count="30" type="stmt"/>
        <line num="349" count="30" type="stmt"/>
        <line num="350" count="30" type="stmt"/>
        <line num="351" count="30" type="stmt"/>
        <line num="353" count="30" type="stmt"/>
        <line num="354" count="395" type="stmt"/>
        <line num="356" count="395" type="stmt"/>
        <line num="357" count="30" type="stmt"/>
        <line num="359" count="30" type="stmt"/>
        <line num="360" count="398" type="stmt"/>
        <line num="361" count="1629" type="cond" truecount="2" falsecount="0"/>
        <line num="362" count="27" type="stmt"/>
        <line num="364" count="1602" type="cond" truecount="4" falsecount="0"/>
        <line num="365" count="13" type="stmt"/>
        <line num="367" count="1589" type="cond" truecount="4" falsecount="0"/>
        <line num="368" count="14" type="stmt"/>
        <line num="370" count="1575" type="cond" truecount="4" falsecount="0"/>
        <line num="371" count="27" type="cond" truecount="2" falsecount="0"/>
        <line num="372" count="19" type="stmt"/>
        <line num="374" count="8" type="cond" truecount="2" falsecount="0"/>
        <line num="375" count="7" type="stmt"/>
        <line num="378" count="1549" type="stmt"/>
        <line num="382" count="30" type="stmt"/>
        <line num="384" count="30" type="stmt"/>
        <line num="386" count="30" type="stmt"/>
        <line num="387" count="30" type="stmt"/>
        <line num="388" count="30" type="stmt"/>
        <line num="389" count="30" type="stmt"/>
        <line num="390" count="30" type="stmt"/>
        <line num="392" count="30" type="stmt"/>
        <line num="393" count="3" type="stmt"/>
        <line num="394" count="3" type="stmt"/>
        <line num="395" count="2" type="stmt"/>
        <line num="402" count="1" type="stmt"/>
        <line num="406" count="30" type="stmt"/>
        <line num="407" count="1" type="stmt"/>
        <line num="408" count="1" type="stmt"/>
        <line num="413" count="30" type="stmt"/>
        <line num="414" count="6" type="cond" truecount="2" falsecount="0"/>
        <line num="415" count="6" type="cond" truecount="2" falsecount="0"/>
        <line num="416" count="7" type="stmt"/>
        <line num="418" count="1" type="stmt"/>
        <line num="419" count="1" type="stmt"/>
        <line num="420" count="5" type="stmt"/>
        <line num="421" count="1" type="stmt"/>
        <line num="424" count="30" type="stmt"/>
        <line num="429" count="2" type="cond" truecount="1" falsecount="1"/>
        <line num="430" count="2" type="cond" truecount="2" falsecount="0"/>
        <line num="431" count="1" type="cond" truecount="1" falsecount="1"/>
        <line num="432" count="1" type="stmt"/>
        <line num="435" count="1" type="stmt"/>
        <line num="436" count="1" type="cond" truecount="1" falsecount="1"/>
        <line num="437" count="1" type="stmt"/>
        <line num="440" count="2" type="stmt"/>
        <line num="443" count="30" type="stmt"/>
        <line num="444" count="1487" type="cond" truecount="2" falsecount="0"/>
        <line num="445" count="804" type="stmt"/>
        <line num="447" count="683" type="cond" truecount="2" falsecount="0"/>
        <line num="448" count="641" type="stmt"/>
        <line num="450" count="42" type="cond" truecount="2" falsecount="0"/>
        <line num="453" count="30" type="stmt"/>
        <line num="454" count="30" type="stmt"/>
        <line num="455" count="30" type="stmt"/>
        <line num="456" count="30" type="stmt"/>
        <line num="458" count="30" type="stmt"/>
        <line num="459" count="50" type="stmt"/>
        <line num="460" count="195" type="cond" truecount="2" falsecount="0"/>
        <line num="465" count="15" type="cond" truecount="2" falsecount="0"/>
        <line num="466" count="180" type="cond" truecount="2" falsecount="0"/>
        <line num="467" count="50" type="stmt"/>
        <line num="470" count="130" type="stmt"/>
        <line num="476" count="30" type="stmt"/>
        <line num="477" count="31" type="stmt"/>
        <line num="478" count="117" type="cond" truecount="2" falsecount="0"/>
        <line num="482" count="8" type="cond" truecount="2" falsecount="0"/>
        <line num="483" count="1" type="stmt"/>
        <line num="485" count="7" type="stmt"/>
        <line num="486" count="7" type="stmt"/>
        <line num="487" count="7" type="cond" truecount="2" falsecount="0"/>
        <line num="488" count="3" type="stmt"/>
        <line num="489" count="3" type="cond" truecount="2" falsecount="0"/>
        <line num="490" count="1" type="stmt"/>
        <line num="491" count="2" type="cond" truecount="1" falsecount="1"/>
        <line num="492" count="2" type="stmt"/>
        <line num="495" count="4" type="stmt"/>
        <line num="501" count="3" type="cond" truecount="3" falsecount="1"/>
        <line num="502" count="3" type="stmt"/>
        <line num="505" count="6" type="stmt"/>
        <line num="506" count="18" type="cond" truecount="2" falsecount="0"/>
        <line num="508" count="2" type="cond" truecount="2" falsecount="0"/>
        <line num="509" count="18" type="stmt"/>
        <line num="517" count="1" type="stmt"/>
        <line num="523" count="30" type="stmt"/>
        <line num="524" count="31" type="cond" truecount="4" falsecount="0"/>
        <line num="525" count="20" type="stmt"/>
        <line num="526" count="20" type="cond" truecount="4" falsecount="0"/>
        <line num="527" count="1" type="stmt"/>
        <line num="530" count="11" type="stmt"/>
        <line num="531" count="11" type="stmt"/>
        <line num="532" count="10" type="cond" truecount="1" falsecount="1"/>
        <line num="533" count="33" type="stmt"/>
        <line num="534" count="10" type="stmt"/>
        <line num="537" count="1" type="stmt"/>
        <line num="545" count="31" type="stmt"/>
        <line num="546" count="31" type="stmt"/>
        <line num="547" count="117" type="cond" truecount="2" falsecount="0"/>
        <line num="548" count="3" type="cond" truecount="1" falsecount="1"/>
        <line num="549" count="3" type="cond" truecount="2" falsecount="0"/>
        <line num="550" count="3" type="cond" truecount="4" falsecount="0"/>
        <line num="551" count="1" type="stmt"/>
        <line num="552" count="2" type="stmt"/>
        <line num="563" count="30" type="stmt"/>
        <line num="567" count="7" type="cond" truecount="1" falsecount="1"/>
        <line num="568" count="7" type="stmt"/>
        <line num="569" count="7" type="stmt"/>
        <line num="570" count="7" type="stmt"/>
        <line num="571" count="7" type="cond" truecount="2" falsecount="0"/>
        <line num="572" count="4" type="stmt"/>
        <line num="573" count="4" type="cond" truecount="2" falsecount="0"/>
        <line num="574" count="1" type="stmt"/>
        <line num="575" count="3" type="cond" truecount="2" falsecount="0"/>
        <line num="576" count="1" type="stmt"/>
        <line num="577" count="2" type="cond" truecount="1" falsecount="1"/>
        <line num="578" count="2" type="stmt"/>
        <line num="581" count="1" type="cond" truecount="3" falsecount="1"/>
        <line num="582" count="1" type="stmt"/>
        <line num="586" count="3" type="stmt"/>
        <line num="592" count="3" type="cond" truecount="3" falsecount="1"/>
        <line num="593" count="3" type="stmt"/>
        <line num="596" count="6" type="stmt"/>
        <line num="597" count="11" type="cond" truecount="2" falsecount="0"/>
        <line num="598" count="7" type="cond" truecount="2" falsecount="0"/>
        <line num="599" count="11" type="stmt"/>
        <line num="607" count="1" type="stmt"/>
        <line num="611" count="30" type="stmt"/>
        <line num="612" count="395" type="cond" truecount="2" falsecount="0"/>
        <line num="613" count="203" type="stmt"/>
        <line num="614" count="203" type="cond" truecount="1" falsecount="1"/>
        <line num="615" count="203" type="stmt"/>
        <line num="618" count="30" type="stmt"/>
        <line num="619" count="10" type="stmt"/>
        <line num="620" count="33" type="cond" truecount="4" falsecount="0"/>
        <line num="621" count="10" type="cond" truecount="2" falsecount="0"/>
        <line num="622" count="1" type="stmt"/>
        <line num="628" count="1" type="stmt"/>
        <line num="633" count="9" type="stmt"/>
        <line num="634" count="31" type="cond" truecount="2" falsecount="0"/>
        <line num="635" count="1" type="stmt"/>
        <line num="636" count="1" type="stmt"/>
        <line num="637" count="1" type="cond" truecount="2" falsecount="2"/>
        <line num="638" count="1" type="cond" truecount="1" falsecount="1"/>
        <line num="639" count="1" type="stmt"/>
        <line num="645" count="1" type="stmt"/>
        <line num="651" count="8" type="stmt"/>
        <line num="652" count="8" type="stmt"/>
        <line num="653" count="8" type="stmt"/>
        <line num="654" count="8" type="stmt"/>
        <line num="655" count="32" type="cond" truecount="2" falsecount="0"/>
        <line num="656" count="19" type="cond" truecount="2" falsecount="0"/>
        <line num="657" count="1" type="stmt"/>
        <line num="660" count="13" type="cond" truecount="2" falsecount="0"/>
        <line num="661" count="1" type="stmt"/>
        <line num="666" count="8" type="cond" truecount="2" falsecount="0"/>
        <line num="667" count="2" type="stmt"/>
        <line num="668" count="2" type="stmt"/>
        <line num="669" count="2" type="cond" truecount="2" falsecount="0"/>
        <line num="670" count="1" type="stmt"/>
        <line num="672" count="2" type="stmt"/>
        <line num="673" count="2" type="cond" truecount="4" falsecount="0"/>
        <line num="674" count="1" type="stmt"/>
        <line num="678" count="8" type="cond" truecount="2" falsecount="0"/>
        <line num="679" count="5" type="stmt"/>
        <line num="680" count="4" type="cond" truecount="4" falsecount="0"/>
        <line num="681" count="1" type="stmt"/>
        <line num="682" count="1" type="cond" truecount="1" falsecount="1"/>
        <line num="683" count="1" type="stmt"/>
        <line num="685" count="3" type="stmt"/>
        <line num="693" count="3" type="stmt"/>
        <line num="694" count="3" type="stmt"/>
        <line num="695" count="3" type="stmt"/>
        <line num="696" count="3" type="cond" truecount="1" falsecount="1"/>
        <line num="697" count="3" type="cond" truecount="1" falsecount="1"/>
        <line num="698" count="3" type="stmt"/>
        <line num="706" count="1" type="stmt"/>
        <line num="715" count="30" type="stmt"/>
        <line num="716" count="2" type="stmt"/>
        <line num="717" count="2" type="stmt"/>
        <line num="723" count="2" type="stmt"/>
        <line num="724" count="2" type="stmt"/>
        <line num="725" count="1" type="stmt"/>
        <line num="732" count="1" type="stmt"/>
        <line num="743" count="30" type="stmt"/>
        <line num="744" count="2" type="cond" truecount="2" falsecount="0"/>
        <line num="745" count="1" type="stmt"/>
        <line num="747" count="1" type="stmt"/>
        <line num="748" count="1" type="stmt"/>
        <line num="749" count="1" type="cond" truecount="1" falsecount="1"/>
        <line num="750" count="1" type="cond" truecount="1" falsecount="1"/>
        <line num="751" count="1" type="stmt"/>
        <line num="755" count="30" type="stmt"/>
        <line num="756" count="30" type="stmt"/>
        <line num="757" count="30" type="stmt"/>
      </file>
      <file name="ResourceTable.vue" path="/home/schlitzer/PycharmProjects/pyppetdb-web/src/components/generic/ResourceTable.vue">
        <metrics statements="103" coveredstatements="103" conditionals="52" coveredconditionals="49" methods="34" coveredmethods="34"/>
        <line num="2" count="15" type="stmt"/>
        <line num="5" count="1" type="cond" truecount="2" falsecount="0"/>
        <line num="8" count="2" type="cond" truecount="2" falsecount="0"/>
        <line num="11" count="2" type="stmt"/>
        <line num="13" count="15" type="stmt"/>
        <line num="27" count="1" type="stmt"/>
        <line num="34" count="1" type="stmt"/>
        <line num="45" count="1" type="stmt"/>
        <line num="57" count="5" type="stmt"/>
        <line num="59" count="5" type="stmt"/>
        <line num="63" count="2" type="stmt"/>
        <line num="79" count="45" type="stmt"/>
        <line num="80" count="66" type="stmt"/>
        <line num="86" count="67" type="stmt"/>
        <line num="101" count="59" type="stmt"/>
        <line num="115" count="6" type="stmt"/>
        <line num="119" count="1" type="stmt"/>
        <line num="152" count="14" type="stmt"/>
        <line num="156" count="14" type="stmt"/>
        <line num="157" count="14" type="stmt"/>
        <line num="158" count="14" type="stmt"/>
        <line num="159" count="14" type="stmt"/>
        <line num="160" count="14" type="stmt"/>
        <line num="175" count="14" type="stmt"/>
        <line num="179" count="14" type="stmt"/>
        <line num="180" count="14" type="stmt"/>
        <line num="181" count="14" type="cond" truecount="2" falsecount="0"/>
        <line num="182" count="1" type="stmt"/>
        <line num="184" count="13" type="stmt"/>
        <line num="187" count="14" type="cond" truecount="2" falsecount="0"/>
        <line num="188" count="2" type="stmt"/>
        <line num="190" count="2" type="stmt"/>
        <line num="191" count="7" type="stmt"/>
        <line num="193" count="5" type="cond" truecount="2" falsecount="0"/>
        <line num="194" count="2" type="stmt"/>
        <line num="195" count="2" type="stmt"/>
        <line num="196" count="2" type="stmt"/>
        <line num="198" count="3" type="stmt"/>
        <line num="199" count="3" type="stmt"/>
        <line num="200" count="3" type="stmt"/>
        <line num="201" count="3" type="stmt"/>
        <line num="202" count="2" type="stmt"/>
        <line num="203" count="2" type="stmt"/>
        <line num="204" count="6" type="stmt"/>
        <line num="206" count="2" type="stmt"/>
        <line num="207" count="2" type="stmt"/>
        <line num="208" count="2" type="stmt"/>
        <line num="210" count="1" type="stmt"/>
        <line num="215" count="2" type="stmt"/>
        <line num="216" count="7" type="stmt"/>
        <line num="218" count="5" type="cond" truecount="2" falsecount="0"/>
        <line num="219" count="1" type="stmt"/>
        <line num="220" count="1" type="stmt"/>
        <line num="226" count="14" type="stmt"/>
        <line num="227" count="3" type="cond" truecount="3" falsecount="0"/>
        <line num="228" count="3" type="stmt"/>
        <line num="234" count="2" type="stmt"/>
        <line num="236" count="2" type="cond" truecount="2" falsecount="0"/>
        <line num="239" count="2" type="stmt"/>
        <line num="240" count="1" type="stmt"/>
        <line num="246" count="1" type="stmt"/>
        <line num="248" count="1" type="stmt"/>
        <line num="269" count="14" type="stmt"/>
        <line num="270" count="1" type="stmt"/>
        <line num="278" count="14" type="stmt"/>
        <line num="279" count="3" type="cond" truecount="2" falsecount="0"/>
        <line num="280" count="3" type="cond" truecount="2" falsecount="0"/>
        <line num="288" count="3" type="stmt"/>
        <line num="296" count="14" type="stmt"/>
        <line num="297" count="4" type="stmt"/>
        <line num="300" count="14" type="stmt"/>
        <line num="302" count="14" type="stmt"/>
        <line num="307" count="70" type="cond" truecount="2" falsecount="0"/>
        <line num="308" count="2" type="stmt"/>
        <line num="310" count="68" type="cond" truecount="4" falsecount="0"/>
        <line num="311" count="2" type="stmt"/>
        <line num="313" count="66" type="stmt"/>
        <line num="316" count="14" type="stmt"/>
        <line num="317" count="115" type="stmt"/>
        <line num="318" count="131" type="cond" truecount="4" falsecount="1"/>
        <line num="324" count="14" type="stmt"/>
        <line num="325" count="63" type="stmt"/>
        <line num="326" count="63" type="stmt"/>
        <line num="328" count="63" type="cond" truecount="2" falsecount="0"/>
        <line num="329" count="15" type="stmt"/>
        <line num="330" count="15" type="stmt"/>
        <line num="331" count="30" type="stmt"/>
        <line num="333" count="15" type="stmt"/>
        <line num="335" count="48" type="stmt"/>
        <line num="341" count="110" type="stmt"/>
        <line num="342" count="63" type="cond" truecount="2" falsecount="0"/>
        <line num="343" count="62" type="stmt"/>
        <line num="344" count="62" type="stmt"/>
        <line num="345" count="62" type="stmt"/>
        <line num="346" count="77" type="stmt"/>
        <line num="348" count="62" type="stmt"/>
        <line num="349" count="62" type="stmt"/>
        <line num="350" count="77" type="cond" truecount="1" falsecount="1"/>
        <line num="351" count="77" type="stmt"/>
        <line num="354" count="62" type="stmt"/>
        <line num="357" count="1" type="stmt"/>
        <line num="360" count="14" type="stmt"/>
        <line num="361" count="14" type="stmt"/>
      </file>
    </package>
    <package name="components.shared">
      <metrics statements="119" coveredstatements="118" conditionals="72" coveredconditionals="54" methods="29" coveredmethods="28"/>
      <file name="ErrorDialog.vue" path="/home/schlitzer/PycharmProjects/pyppetdb-web/src/components/shared/ErrorDialog.vue">
        <metrics statements="18" coveredstatements="17" conditionals="10" coveredconditionals="9" methods="5" coveredmethods="4"/>
        <line num="2" count="6" type="stmt"/>
        <line num="3" count="0" type="cond" truecount="2" falsecount="0"/>
        <line num="8" count="1" type="stmt"/>
        <line num="16" count="1" type="stmt"/>
        <line num="20" count="6" type="stmt"/>
        <line num="26" count="6" type="stmt"/>
        <line num="38" count="5" type="stmt"/>
        <line num="39" count="5" type="stmt"/>
        <line num="41" count="5" type="stmt"/>
        <line num="42" count="5" type="stmt"/>
        <line num="43" count="5" type="cond" truecount="2" falsecount="0"/>
        <line num="44" count="2" type="cond" truecount="2" falsecount="0"/>
        <line num="45" count="1" type="stmt"/>
        <line num="48" count="5" type="stmt"/>
        <line num="49" count="2" type="stmt"/>
        <line num="50" count="2" type="stmt"/>
        <line num="51" count="2" type="cond" truecount="1" falsecount="1"/>
        <line num="52" count="2" type="stmt"/>
      </file>
      <file name="MonacoEditor.vue" path="/home/schlitzer/PycharmProjects/pyppetdb-web/src/components/shared/MonacoEditor.vue">
        <metrics statements="82" coveredstatements="82" conditionals="47" coveredconditionals="30" methods="19" coveredmethods="19"/>
        <line num="2" count="12" type="stmt"/>
        <line num="17" count="9" type="stmt"/>
        <line num="19" count="2" type="cond" truecount="2" falsecount="0"/>
        <line num="20" count="1" type="stmt"/>
        <line num="22" count="1" type="stmt"/>
        <line num="26" count="9" type="stmt"/>
        <line num="40" count="9" type="stmt"/>
        <line num="46" count="9" type="stmt"/>
        <line num="47" count="9" type="stmt"/>
        <line num="48" count="9" type="stmt"/>
        <line num="49" count="9" type="stmt"/>
        <line num="51" count="9" type="stmt"/>
        <line num="52" count="11" type="cond" truecount="1" falsecount="1"/>
        <line num="53" count="11" type="cond" truecount="1" falsecount="1"/>
        <line num="62" count="11" type="stmt"/>
        <line num="65" count="9" type="stmt"/>
        <line num="66" count="23" type="stmt"/>
        <line num="67" count="23" type="cond" truecount="2" falsecount="0"/>
        <line num="70" count="9" type="stmt"/>
        <line num="71" count="18" type="cond" truecount="2" falsecount="0"/>
        <line num="75" count="12" type="stmt"/>
        <line num="79" count="9" type="stmt"/>
        <line num="80" count="14" type="cond" truecount="1" falsecount="1"/>
        <line num="81" count="14" type="stmt"/>
        <line num="82" count="14" type="stmt"/>
        <line num="86" count="9" type="stmt"/>
        <line num="87" count="9" type="stmt"/>
        <line num="88" count="9" type="cond" truecount="1" falsecount="1"/>
        <line num="90" count="9" type="stmt"/>
        <line num="92" count="9" type="stmt"/>
        <line num="107" count="9" type="stmt"/>
        <line num="108" count="1" type="cond" truecount="1" falsecount="1"/>
        <line num="109" count="1" type="stmt"/>
        <line num="112" count="9" type="stmt"/>
        <line num="113" count="1" type="cond" truecount="1" falsecount="1"/>
        <line num="114" count="1" type="stmt"/>
        <line num="115" count="1" type="cond" truecount="1" falsecount="1"/>
        <line num="116" count="1" type="stmt"/>
        <line num="117" count="1" type="stmt"/>
        <line num="122" count="9" type="stmt"/>
        <line num="123" count="2" type="cond" truecount="1" falsecount="1"/>
        <line num="124" count="2" type="stmt"/>
        <line num="125" count="2" type="cond" truecount="1" falsecount="1"/>
        <line num="129" count="2" type="stmt"/>
        <line num="130" count="2" type="cond" truecount="1" falsecount="1"/>
        <line num="131" count="2" type="cond" truecount="1" falsecount="1"/>
        <line num="132" count="2" type="stmt"/>
        <line num="133" count="2" type="cond" truecount="2" falsecount="0"/>
        <line num="134" count="1" type="stmt"/>
        <line num="136" count="1" type="stmt"/>
        <line num="138" count="2" type="stmt"/>
        <line num="143" count="9" type="stmt"/>
        <line num="145" count="9" type="stmt"/>
        <line num="146" count="14" type="stmt"/>
        <line num="149" count="9" type="stmt"/>
        <line num="155" count="9" type="stmt"/>
        <line num="156" count="1" type="stmt"/>
        <line num="157" count="1" type="cond" truecount="1" falsecount="1"/>
        <line num="158" count="1" type="stmt"/>
        <line num="159" count="1" type="stmt"/>
        <line num="160" count="1" type="stmt"/>
        <line num="161" count="1" type="stmt"/>
        <line num="162" count="1" type="stmt"/>
        <line num="163" count="1" type="stmt"/>
        <line num="167" count="1" type="cond" truecount="1" falsecount="1"/>
        <line num="168" count="1" type="stmt"/>
        <line num="169" count="1" type="stmt"/>
        <line num="176" count="1" type="cond" truecount="1" falsecount="1"/>
        <line num="177" count="1" type="stmt"/>
        <line num="178" count="1" type="stmt"/>
        <line num="182" count="9" type="stmt"/>
        <line num="183" count="10" type="stmt"/>
        <line num="185" count="1" type="cond" truecount="3" falsecount="1"/>
        <line num="186" count="1" type="stmt"/>
        <line num="187" count="1" type="stmt"/>
        <line num="192" count="9" type="stmt"/>
        <line num="193" count="10" type="stmt"/>
        <line num="195" count="1" type="cond" truecount="1" falsecount="1"/>
        <line num="196" count="1" type="stmt"/>
        <line num="203" count="9" type="stmt"/>
        <line num="204" count="10" type="stmt"/>
        <line num="206" count="1" type="stmt"/>
      </file>
      <file name="ResponsiveToolbar.vue" path="/home/schlitzer/PycharmProjects/pyppetdb-web/src/components/shared/ResponsiveToolbar.vue">
        <metrics statements="3" coveredstatements="3" conditionals="0" coveredconditionals="0" methods="2" coveredmethods="2"/>
        <line num="2" count="123" type="stmt"/>
        <line num="6" count="1072" type="stmt"/>
        <line num="9" count="1072" type="stmt"/>
      </file>
      <file name="StatusChip.vue" path="/home/schlitzer/PycharmProjects/pyppetdb-web/src/components/shared/StatusChip.vue">
        <metrics statements="12" coveredstatements="12" conditionals="13" coveredconditionals="13" methods="2" coveredmethods="2"/>
        <line num="2" count="9" type="stmt"/>
        <line num="9" count="9" type="stmt"/>
        <line num="13" count="9" type="stmt"/>
        <line num="15" count="9" type="stmt"/>
        <line num="16" count="9" type="stmt"/>
        <line num="17" count="9" type="cond" truecount="5" falsecount="0"/>
        <line num="18" count="3" type="stmt"/>
        <line num="20" count="6" type="cond" truecount="4" falsecount="0"/>
        <line num="21" count="2" type="stmt"/>
        <line num="23" count="4" type="cond" truecount="4" falsecount="0"/>
        <line num="24" count="2" type="stmt"/>
        <line num="26" count="2" type="stmt"/>
      </file>
      <file name="ThemeToggle.vue" path="/home/schlitzer/PycharmProjects/pyppetdb-web/src/components/shared/ThemeToggle.vue">
        <metrics statements="4" coveredstatements="4" conditionals="2" coveredconditionals="2" methods="1" coveredmethods="1"/>
        <line num="2" count="4" type="stmt"/>
        <line num="14" count="3" type="stmt"/>
        <line num="15" count="3" type="stmt"/>
        <line num="16" count="5" type="cond" truecount="2" falsecount="0"/>
      </file>
    </package>
    <package name="components.special">
      <metrics statements="2678" coveredstatements="2576" conditionals="2149" coveredconditionals="1872" methods="720" coveredmethods="653"/>
      <file name="CAAuthoritiesForm.vue" path="/home/schlitzer/PycharmProjects/pyppetdb-web/src/components/special/CAAuthoritiesForm.vue">
        <metrics statements="180" coveredstatements="173" conditionals="196" coveredconditionals="189" methods="54" coveredmethods="48"/>
        <line num="2" count="19" type="stmt"/>
        <line num="5" count="3" type="stmt"/>
        <line num="11" count="3" type="stmt"/>
        <line num="14" count="431" type="stmt"/>
        <line num="24" count="431" type="cond" truecount="1" falsecount="0"/>
        <line num="33" count="3" type="stmt"/>
        <line num="40" count="1" type="cond" truecount="2" falsecount="0"/>
        <line num="42" count="462" type="stmt"/>
        <line num="45" count="3" type="stmt"/>
        <line num="55" count="1" type="cond" truecount="2" falsecount="0"/>
        <line num="63" count="3" type="stmt"/>
        <line num="72" count="0" type="cond" truecount="2" falsecount="0"/>
        <line num="91" count="1" type="cond" truecount="2" falsecount="0"/>
        <line num="112" count="1" type="cond" truecount="2" falsecount="0"/>
        <line num="120" count="3" type="stmt"/>
        <line num="129" count="1" type="cond" truecount="2" falsecount="0"/>
        <line num="134" count="3" type="stmt"/>
        <line num="143" count="1" type="cond" truecount="2" falsecount="0"/>
        <line num="148" count="3" type="stmt"/>
        <line num="157" count="1" type="cond" truecount="2" falsecount="0"/>
        <line num="162" count="3" type="stmt"/>
        <line num="171" count="1" type="cond" truecount="2" falsecount="0"/>
        <line num="176" count="3" type="stmt"/>
        <line num="185" count="1" type="cond" truecount="2" falsecount="0"/>
        <line num="190" count="3" type="stmt"/>
        <line num="199" count="1" type="cond" truecount="2" falsecount="0"/>
        <line num="207" count="3" type="stmt"/>
        <line num="216" count="0" type="cond" truecount="2" falsecount="0"/>
        <line num="222" count="3" type="stmt"/>
        <line num="231" count="0" type="cond" truecount="2" falsecount="0"/>
        <line num="237" count="3" type="stmt"/>
        <line num="246" count="0" type="cond" truecount="2" falsecount="0"/>
        <line num="252" count="3" type="stmt"/>
        <line num="261" count="0" type="cond" truecount="2" falsecount="0"/>
        <line num="267" count="3" type="stmt"/>
        <line num="274" count="3" type="stmt"/>
        <line num="294" count="0" type="cond" truecount="2" falsecount="0"/>
        <line num="306" count="3" type="stmt"/>
        <line num="315" count="1" type="cond" truecount="2" falsecount="0"/>
        <line num="322" count="3" type="stmt"/>
        <line num="331" count="1" type="cond" truecount="2" falsecount="0"/>
        <line num="338" count="3" type="stmt"/>
        <line num="347" count="1" type="cond" truecount="2" falsecount="0"/>
        <line num="359" count="3" type="stmt"/>
        <line num="368" count="1" type="cond" truecount="2" falsecount="0"/>
        <line num="376" count="3" type="stmt"/>
        <line num="378" count="1" type="cond" truecount="2" falsecount="0"/>
        <line num="387" count="3" type="stmt"/>
        <line num="398" count="3" type="stmt"/>
        <line num="413" count="3" type="stmt"/>
        <line num="472" count="3" type="stmt"/>
        <line num="526" count="19" type="stmt"/>
        <line num="527" count="19" type="stmt"/>
        <line num="528" count="19" type="stmt"/>
        <line num="529" count="19" type="stmt"/>
        <line num="530" count="19" type="stmt"/>
        <line num="531" count="19" type="stmt"/>
        <line num="538" count="303" type="stmt"/>
        <line num="539" count="303" type="stmt"/>
        <line num="540" count="19" type="stmt"/>
        <line num="542" count="19" type="stmt"/>
        <line num="543" count="307" type="cond" truecount="2" falsecount="0"/>
        <line num="544" count="152" type="stmt"/>
        <line num="547" count="19" type="stmt"/>
        <line num="550" count="19" type="stmt"/>
        <line num="556" count="19" type="stmt"/>
        <line num="557" count="19" type="stmt"/>
        <line num="559" count="19" type="stmt"/>
        <line num="578" count="19" type="stmt"/>
        <line num="579" count="19" type="stmt"/>
        <line num="582" count="19" type="stmt"/>
        <line num="583" count="19" type="stmt"/>
        <line num="586" count="19" type="stmt"/>
        <line num="587" count="19" type="stmt"/>
        <line num="590" count="19" type="stmt"/>
        <line num="591" count="18" type="cond" truecount="1" falsecount="1"/>
        <line num="596" count="19" type="stmt"/>
        <line num="597" count="18" type="cond" truecount="1" falsecount="1"/>
        <line num="600" count="19" type="stmt"/>
        <line num="601" count="283" type="cond" truecount="2" falsecount="0"/>
        <line num="602" count="282" type="stmt"/>
        <line num="604" count="1" type="cond" truecount="1" falsecount="1"/>
        <line num="605" count="1" type="stmt"/>
        <line num="607" count="0" type="stmt"/>
        <line num="610" count="19" type="stmt"/>
        <line num="611" count="155" type="stmt"/>
        <line num="612" count="155" type="stmt"/>
        <line num="613" count="155" type="stmt"/>
        <line num="617" count="154" type="cond" truecount="3" falsecount="1"/>
        <line num="618" count="154" type="stmt"/>
        <line num="621" count="1" type="stmt"/>
        <line num="628" count="155" type="stmt"/>
        <line num="632" count="19" type="stmt"/>
        <line num="633" count="306" type="cond" truecount="2" falsecount="0"/>
        <line num="634" count="155" type="stmt"/>
        <line num="635" count="155" type="stmt"/>
        <line num="636" count="155" type="stmt"/>
        <line num="637" count="155" type="stmt"/>
        <line num="638" count="155" type="stmt"/>
        <line num="639" count="155" type="stmt"/>
        <line num="640" count="155" type="stmt"/>
        <line num="641" count="155" type="stmt"/>
        <line num="642" count="155" type="stmt"/>
        <line num="643" count="155" type="stmt"/>
        <line num="644" count="155" type="stmt"/>
        <line num="645" count="155" type="stmt"/>
        <line num="646" count="155" type="stmt"/>
        <line num="647" count="155" type="stmt"/>
        <line num="648" count="155" type="stmt"/>
        <line num="649" count="155" type="stmt"/>
        <line num="650" count="155" type="stmt"/>
        <line num="652" count="151" type="stmt"/>
        <line num="653" count="151" type="stmt"/>
        <line num="656" count="148" type="cond" truecount="1" falsecount="1"/>
        <line num="657" count="148" type="stmt"/>
        <line num="658" count="148" type="stmt"/>
        <line num="661" count="3" type="stmt"/>
        <line num="671" count="19" type="stmt"/>
        <line num="672" count="5" type="stmt"/>
        <line num="673" count="5" type="stmt"/>
        <line num="674" count="5" type="cond" truecount="2" falsecount="0"/>
        <line num="675" count="3" type="stmt"/>
        <line num="701" count="2" type="stmt"/>
        <line num="702" count="1" type="stmt"/>
        <line num="707" count="3" type="stmt"/>
        <line num="708" count="3" type="stmt"/>
        <line num="714" count="3" type="stmt"/>
        <line num="721" count="2" type="stmt"/>
        <line num="724" count="2" type="stmt"/>
        <line num="725" count="1" type="stmt"/>
        <line num="731" count="1" type="stmt"/>
        <line num="732" count="1" type="stmt"/>
        <line num="735" count="1" type="stmt"/>
        <line num="744" count="19" type="stmt"/>
        <line num="745" count="1" type="stmt"/>
        <line num="746" count="1" type="stmt"/>
        <line num="749" count="19" type="stmt"/>
        <line num="750" count="2" type="stmt"/>
        <line num="753" count="19" type="stmt"/>
        <line num="754" count="2" type="stmt"/>
        <line num="762" count="19" type="stmt"/>
        <line num="763" count="2" type="stmt"/>
        <line num="769" count="2" type="stmt"/>
        <line num="770" count="2" type="stmt"/>
        <line num="771" count="2" type="stmt"/>
        <line num="772" count="1" type="stmt"/>
        <line num="778" count="1" type="stmt"/>
        <line num="779" count="1" type="stmt"/>
        <line num="781" count="1" type="stmt"/>
        <line num="792" count="19" type="stmt"/>
        <line num="793" count="2" type="stmt"/>
        <line num="799" count="2" type="stmt"/>
        <line num="800" count="2" type="stmt"/>
        <line num="801" count="2" type="stmt"/>
        <line num="802" count="1" type="stmt"/>
        <line num="808" count="1" type="stmt"/>
        <line num="810" count="1" type="stmt"/>
        <line num="821" count="19" type="stmt"/>
        <line num="826" count="6" type="stmt"/>
        <line num="827" count="6" type="stmt"/>
        <line num="828" count="6" type="stmt"/>
        <line num="829" count="6" type="stmt"/>
        <line num="830" count="6" type="stmt"/>
        <line num="831" count="6" type="stmt"/>
        <line num="834" count="19" type="stmt"/>
        <line num="835" count="2" type="stmt"/>
        <line num="842" count="19" type="stmt"/>
        <line num="843" count="2" type="cond" truecount="3" falsecount="1"/>
        <line num="844" count="2" type="stmt"/>
        <line num="852" count="19" type="stmt"/>
        <line num="853" count="2" type="cond" truecount="3" falsecount="1"/>
        <line num="854" count="2" type="stmt"/>
        <line num="862" count="19" type="stmt"/>
        <line num="863" count="303" type="stmt"/>
        <line num="864" count="303" type="stmt"/>
        <line num="867" count="19" type="stmt"/>
        <line num="868" count="19" type="stmt"/>
        <line num="871" count="19" type="stmt"/>
        <line num="872" count="303" type="stmt"/>
        <line num="874" count="284" type="stmt"/>
      </file>
      <file name="CAAuthoritiesSearch.vue" path="/home/schlitzer/PycharmProjects/pyppetdb-web/src/components/special/CAAuthoritiesSearch.vue">
        <metrics statements="55" coveredstatements="55" conditionals="46" coveredconditionals="41" methods="26" coveredmethods="26"/>
        <line num="2" count="27" type="stmt"/>
        <line num="7" count="8" type="cond" truecount="2" falsecount="0"/>
        <line num="10" count="3" type="stmt"/>
        <line num="18" count="8" type="stmt"/>
        <line num="22" count="1" type="cond" truecount="2" falsecount="0"/>
        <line num="24" count="9" type="cond" truecount="2" falsecount="0"/>
        <line num="26" count="3" type="stmt"/>
        <line num="27" count="3" type="stmt"/>
        <line num="36" count="1" type="cond" truecount="2" falsecount="0"/>
        <line num="42" count="3" type="stmt"/>
        <line num="51" count="1" type="cond" truecount="2" falsecount="0"/>
        <line num="57" count="3" type="stmt"/>
        <line num="66" count="1" type="cond" truecount="2" falsecount="0"/>
        <line num="72" count="3" type="stmt"/>
        <line num="81" count="1" type="cond" truecount="2" falsecount="0"/>
        <line num="87" count="3" type="stmt"/>
        <line num="96" count="1" type="cond" truecount="2" falsecount="0"/>
        <line num="105" count="14" type="stmt"/>
        <line num="107" count="17" type="stmt"/>
        <line num="111" count="3" type="stmt"/>
        <line num="129" count="10" type="stmt"/>
        <line num="139" count="5" type="stmt"/>
        <line num="142" count="26" type="stmt"/>
        <line num="145" count="10" type="stmt"/>
        <line num="146" count="3" type="stmt"/>
        <line num="153" count="10" type="stmt"/>
        <line num="155" count="3" type="stmt"/>
        <line num="163" count="10" type="stmt"/>
        <line num="172" count="10" type="stmt"/>
        <line num="205" count="8" type="stmt"/>
        <line num="206" count="8" type="stmt"/>
        <line num="208" count="8" type="stmt"/>
        <line num="212" count="8" type="stmt"/>
        <line num="229" count="8" type="stmt"/>
        <line num="233" count="8" type="stmt"/>
        <line num="234" count="8" type="stmt"/>
        <line num="237" count="8" type="stmt"/>
        <line num="238" count="10" type="cond" truecount="2" falsecount="0"/>
        <line num="239" count="6" type="stmt"/>
        <line num="241" count="4" type="cond" truecount="2" falsecount="0"/>
        <line num="242" count="1" type="stmt"/>
        <line num="244" count="3" type="stmt"/>
        <line num="247" count="8" type="stmt"/>
        <line num="248" count="1" type="stmt"/>
        <line num="266" count="8" type="stmt"/>
        <line num="267" count="1" type="stmt"/>
        <line num="275" count="8" type="stmt"/>
        <line num="276" count="3" type="cond" truecount="2" falsecount="0"/>
        <line num="277" count="3" type="cond" truecount="2" falsecount="0"/>
        <line num="285" count="3" type="stmt"/>
        <line num="293" count="8" type="stmt"/>
        <line num="294" count="2" type="stmt"/>
        <line num="297" count="8" type="stmt"/>
        <line num="299" count="8" type="stmt"/>
        <line num="300" count="8" type="stmt"/>
      </file>
      <file name="CASpacesCertsForm.vue" path="/home/schlitzer/PycharmProjects/pyppetdb-web/src/components/special/CASpacesCertsForm.vue">
        <metrics statements="108" coveredstatements="107" conditionals="112" coveredconditionals="106" methods="31" coveredmethods="29"/>
        <line num="2" count="9" type="stmt"/>
        <line num="5" count="3" type="stmt"/>
        <line num="14" count="9" type="stmt"/>
        <line num="23" count="3" type="stmt"/>
        <line num="30" count="3" type="cond" truecount="2" falsecount="0"/>
        <line num="32" count="74" type="stmt"/>
        <line num="35" count="3" type="stmt"/>
        <line num="36" count="3" type="stmt"/>
        <line num="45" count="1" type="cond" truecount="2" falsecount="0"/>
        <line num="51" count="3" type="stmt"/>
        <line num="60" count="1" type="cond" truecount="2" falsecount="0"/>
        <line num="66" count="3" type="stmt"/>
        <line num="75" count="1" type="cond" truecount="2" falsecount="0"/>
        <line num="81" count="3" type="stmt"/>
        <line num="88" count="3" type="stmt"/>
        <line num="96" count="3" type="stmt"/>
        <line num="103" count="3" type="stmt"/>
        <line num="106" count="1" type="cond" truecount="2" falsecount="0"/>
        <line num="124" count="0" type="cond" truecount="0" falsecount="2"/>
        <line num="139" count="3" type="stmt"/>
        <line num="148" count="1" type="cond" truecount="2" falsecount="0"/>
        <line num="154" count="3" type="stmt"/>
        <line num="163" count="1" type="cond" truecount="2" falsecount="0"/>
        <line num="169" count="3" type="stmt"/>
        <line num="178" count="1" type="cond" truecount="2" falsecount="0"/>
        <line num="185" count="3" type="stmt"/>
        <line num="186" count="3" type="stmt"/>
        <line num="192" count="3" type="stmt"/>
        <line num="194" count="3" type="stmt"/>
        <line num="197" count="3" type="stmt"/>
        <line num="201" count="3" type="stmt"/>
        <line num="204" count="3" type="stmt"/>
        <line num="208" count="3" type="stmt"/>
        <line num="211" count="3" type="stmt"/>
        <line num="232" count="1" type="cond" truecount="2" falsecount="0"/>
        <line num="248" count="1" type="cond" truecount="2" falsecount="0"/>
        <line num="260" count="3" type="stmt"/>
        <line num="265" count="3" type="stmt"/>
        <line num="266" count="57" type="stmt"/>
        <line num="286" count="3" type="stmt"/>
        <line num="292" count="1" type="cond" truecount="2" falsecount="0"/>
        <line num="302" count="1" type="cond" truecount="2" falsecount="0"/>
        <line num="334" count="9" type="stmt"/>
        <line num="335" count="9" type="stmt"/>
        <line num="336" count="9" type="stmt"/>
        <line num="337" count="9" type="stmt"/>
        <line num="338" count="9" type="stmt"/>
        <line num="344" count="9" type="stmt"/>
        <line num="345" count="9" type="stmt"/>
        <line num="346" count="9" type="stmt"/>
        <line num="348" count="9" type="stmt"/>
        <line num="372" count="9" type="stmt"/>
        <line num="373" count="24" type="stmt"/>
        <line num="374" count="24" type="cond" truecount="2" falsecount="0"/>
        <line num="375" count="8" type="stmt"/>
        <line num="377" count="16" type="stmt"/>
        <line num="380" count="9" type="stmt"/>
        <line num="381" count="18" type="cond" truecount="2" falsecount="0"/>
        <line num="386" count="9" type="stmt"/>
        <line num="387" count="18" type="cond" truecount="2" falsecount="0"/>
        <line num="390" count="9" type="stmt"/>
        <line num="391" count="74" type="cond" truecount="2" falsecount="0"/>
        <line num="392" count="4" type="stmt"/>
        <line num="394" count="70" type="cond" truecount="2" falsecount="0"/>
        <line num="395" count="57" type="stmt"/>
        <line num="397" count="13" type="cond" truecount="2" falsecount="0"/>
        <line num="398" count="2" type="stmt"/>
        <line num="400" count="11" type="stmt"/>
        <line num="403" count="9" type="stmt"/>
        <line num="404" count="19" type="cond" truecount="2" falsecount="0"/>
        <line num="405" count="1" type="stmt"/>
        <line num="406" count="1" type="stmt"/>
        <line num="408" count="18" type="stmt"/>
        <line num="409" count="18" type="stmt"/>
        <line num="410" count="18" type="stmt"/>
        <line num="415" count="17" type="cond" truecount="2" falsecount="0"/>
        <line num="417" count="1" type="stmt"/>
        <line num="419" count="18" type="stmt"/>
        <line num="423" count="9" type="stmt"/>
        <line num="424" count="20" type="stmt"/>
        <line num="425" count="20" type="stmt"/>
        <line num="426" count="20" type="stmt"/>
        <line num="427" count="19" type="cond" truecount="1" falsecount="1"/>
        <line num="428" count="19" type="stmt"/>
        <line num="429" count="19" type="stmt"/>
        <line num="432" count="1" type="stmt"/>
        <line num="441" count="9" type="stmt"/>
        <line num="442" count="1" type="stmt"/>
        <line num="443" count="1" type="stmt"/>
        <line num="446" count="9" type="stmt"/>
        <line num="447" count="1" type="stmt"/>
        <line num="455" count="9" type="stmt"/>
        <line num="456" count="2" type="stmt"/>
        <line num="462" count="2" type="stmt"/>
        <line num="463" count="2" type="stmt"/>
        <line num="464" count="2" type="stmt"/>
        <line num="465" count="1" type="stmt"/>
        <line num="471" count="1" type="stmt"/>
        <line num="472" count="1" type="stmt"/>
        <line num="474" count="1" type="stmt"/>
        <line num="485" count="9" type="stmt"/>
        <line num="486" count="18" type="stmt"/>
        <line num="487" count="18" type="stmt"/>
        <line num="490" count="9" type="stmt"/>
        <line num="491" count="9" type="stmt"/>
        <line num="494" count="9" type="stmt"/>
        <line num="495" count="18" type="stmt"/>
        <line num="497" count="9" type="stmt"/>
      </file>
      <file name="CASpacesCertsSearch.vue" path="/home/schlitzer/PycharmProjects/pyppetdb-web/src/components/special/CASpacesCertsSearch.vue">
        <metrics statements="77" coveredstatements="76" conditionals="54" coveredconditionals="53" methods="32" coveredmethods="31"/>
        <line num="2" count="35" type="stmt"/>
        <line num="7" count="12" type="cond" truecount="2" falsecount="0"/>
        <line num="10" count="3" type="stmt"/>
        <line num="16" count="1" type="cond" truecount="2" falsecount="0"/>
        <line num="23" count="1" type="cond" truecount="2" falsecount="0"/>
        <line num="25" count="12" type="stmt"/>
        <line num="29" count="1" type="cond" truecount="2" falsecount="0"/>
        <line num="31" count="10" type="cond" truecount="2" falsecount="0"/>
        <line num="33" count="3" type="stmt"/>
        <line num="34" count="3" type="stmt"/>
        <line num="43" count="2" type="cond" truecount="2" falsecount="0"/>
        <line num="49" count="3" type="stmt"/>
        <line num="58" count="2" type="cond" truecount="2" falsecount="0"/>
        <line num="64" count="3" type="stmt"/>
        <line num="73" count="1" type="cond" truecount="2" falsecount="0"/>
        <line num="83" count="3" type="stmt"/>
        <line num="92" count="2" type="cond" truecount="2" falsecount="0"/>
        <line num="98" count="3" type="stmt"/>
        <line num="107" count="2" type="cond" truecount="2" falsecount="0"/>
        <line num="112" count="19" type="stmt"/>
        <line num="114" count="19" type="stmt"/>
        <line num="118" count="3" type="stmt"/>
        <line num="121" count="0" type="cond" truecount="2" falsecount="0"/>
        <line num="136" count="34" type="stmt"/>
        <line num="139" count="12" type="stmt"/>
        <line num="150" count="5" type="stmt"/>
        <line num="156" count="12" type="stmt"/>
        <line num="157" count="3" type="stmt"/>
        <line num="162" count="12" type="stmt"/>
        <line num="171" count="12" type="stmt"/>
        <line num="172" count="3" type="stmt"/>
        <line num="209" count="9" type="stmt"/>
        <line num="216" count="9" type="stmt"/>
        <line num="217" count="9" type="stmt"/>
        <line num="218" count="9" type="stmt"/>
        <line num="220" count="9" type="stmt"/>
        <line num="224" count="9" type="stmt"/>
        <line num="239" count="9" type="stmt"/>
        <line num="243" count="9" type="stmt"/>
        <line num="244" count="12" type="cond" truecount="2" falsecount="0"/>
        <line num="245" count="10" type="stmt"/>
        <line num="247" count="2" type="stmt"/>
        <line num="248" count="2" type="stmt"/>
        <line num="252" count="9" type="stmt"/>
        <line num="253" count="12" type="cond" truecount="2" falsecount="0"/>
        <line num="254" count="10" type="stmt"/>
        <line num="256" count="2" type="stmt"/>
        <line num="257" count="2" type="cond" truecount="2" falsecount="0"/>
        <line num="261" count="9" type="stmt"/>
        <line num="262" count="12" type="cond" truecount="2" falsecount="0"/>
        <line num="263" count="1" type="stmt"/>
        <line num="265" count="11" type="cond" truecount="2" falsecount="0"/>
        <line num="266" count="6" type="stmt"/>
        <line num="268" count="5" type="cond" truecount="2" falsecount="0"/>
        <line num="269" count="1" type="stmt"/>
        <line num="271" count="4" type="stmt"/>
        <line num="274" count="9" type="stmt"/>
        <line num="275" count="2" type="stmt"/>
        <line num="281" count="2" type="stmt"/>
        <line num="282" count="2" type="stmt"/>
        <line num="283" count="2" type="stmt"/>
        <line num="284" count="2" type="stmt"/>
        <line num="286" count="1" type="stmt"/>
        <line num="292" count="1" type="stmt"/>
        <line num="293" count="1" type="stmt"/>
        <line num="295" count="1" type="stmt"/>
        <line num="316" count="9" type="stmt"/>
        <line num="317" count="1" type="stmt"/>
        <line num="325" count="9" type="stmt"/>
        <line num="326" count="3" type="cond" truecount="2" falsecount="0"/>
        <line num="327" count="3" type="cond" truecount="2" falsecount="0"/>
        <line num="335" count="3" type="stmt"/>
        <line num="343" count="9" type="stmt"/>
        <line num="344" count="2" type="stmt"/>
        <line num="347" count="9" type="stmt"/>
        <line num="349" count="9" type="stmt"/>
        <line num="350" count="9" type="stmt"/>
      </file>
      <file name="CASpacesForm.vue" path="/home/schlitzer/PycharmProjects/pyppetdb-web/src/components/special/CASpacesForm.vue">
        <metrics statements="97" coveredstatements="92" conditionals="49" coveredconditionals="47" methods="27" coveredmethods="23"/>
        <line num="2" count="11" type="stmt"/>
        <line num="5" count="3" type="stmt"/>
        <line num="11" count="3" type="stmt"/>
        <line num="14" count="123" type="stmt"/>
        <line num="24" count="123" type="cond" truecount="1" falsecount="0"/>
        <line num="33" count="3" type="stmt"/>
        <line num="40" count="4" type="cond" truecount="2" falsecount="0"/>
        <line num="42" count="297" type="stmt"/>
        <line num="45" count="3" type="stmt"/>
        <line num="46" count="3" type="stmt"/>
        <line num="55" count="0" type="cond" truecount="2" falsecount="0"/>
        <line num="62" count="3" type="stmt"/>
        <line num="71" count="0" type="cond" truecount="2" falsecount="0"/>
        <line num="81" count="3" type="stmt"/>
        <line num="90" count="0" type="cond" truecount="2" falsecount="0"/>
        <line num="97" count="3" type="stmt"/>
        <line num="99" count="0" type="cond" truecount="2" falsecount="0"/>
        <line num="119" count="3" type="stmt"/>
        <line num="120" count="137" type="stmt"/>
        <line num="145" count="3" type="stmt"/>
        <line num="189" count="11" type="stmt"/>
        <line num="190" count="11" type="stmt"/>
        <line num="191" count="11" type="stmt"/>
        <line num="192" count="11" type="stmt"/>
        <line num="193" count="11" type="stmt"/>
        <line num="194" count="11" type="stmt"/>
        <line num="201" count="80" type="stmt"/>
        <line num="202" count="80" type="stmt"/>
        <line num="203" count="11" type="stmt"/>
        <line num="205" count="11" type="stmt"/>
        <line num="206" count="86" type="cond" truecount="2" falsecount="0"/>
        <line num="207" count="49" type="stmt"/>
        <line num="210" count="11" type="stmt"/>
        <line num="211" count="11" type="stmt"/>
        <line num="213" count="11" type="stmt"/>
        <line num="221" count="11" type="stmt"/>
        <line num="222" count="11" type="stmt"/>
        <line num="225" count="11" type="stmt"/>
        <line num="226" count="11" type="stmt"/>
        <line num="229" count="11" type="stmt"/>
        <line num="230" count="80" type="stmt"/>
        <line num="231" count="80" type="stmt"/>
        <line num="232" count="80" type="stmt"/>
        <line num="236" count="79" type="cond" truecount="3" falsecount="1"/>
        <line num="237" count="79" type="stmt"/>
        <line num="240" count="1" type="stmt"/>
        <line num="247" count="80" type="stmt"/>
        <line num="251" count="11" type="stmt"/>
        <line num="252" count="82" type="cond" truecount="2" falsecount="0"/>
        <line num="253" count="37" type="stmt"/>
        <line num="254" count="37" type="stmt"/>
        <line num="255" count="37" type="stmt"/>
        <line num="256" count="37" type="stmt"/>
        <line num="257" count="37" type="stmt"/>
        <line num="259" count="45" type="stmt"/>
        <line num="260" count="45" type="stmt"/>
        <line num="263" count="45" type="cond" truecount="1" falsecount="1"/>
        <line num="264" count="45" type="stmt"/>
        <line num="265" count="45" type="stmt"/>
        <line num="268" count="0" type="stmt"/>
        <line num="278" count="11" type="stmt"/>
        <line num="279" count="3" type="stmt"/>
        <line num="280" count="3" type="stmt"/>
        <line num="285" count="3" type="stmt"/>
        <line num="286" count="3" type="cond" truecount="2" falsecount="0"/>
        <line num="287" count="2" type="stmt"/>
        <line num="288" count="1" type="stmt"/>
        <line num="294" count="1" type="stmt"/>
        <line num="301" count="1" type="stmt"/>
        <line num="302" count="1" type="stmt"/>
        <line num="308" count="1" type="stmt"/>
        <line num="309" count="1" type="stmt"/>
        <line num="312" count="1" type="stmt"/>
        <line num="321" count="11" type="stmt"/>
        <line num="322" count="1" type="stmt"/>
        <line num="323" count="1" type="stmt"/>
        <line num="326" count="11" type="stmt"/>
        <line num="327" count="1" type="stmt"/>
        <line num="330" count="11" type="stmt"/>
        <line num="331" count="1" type="stmt"/>
        <line num="339" count="11" type="stmt"/>
        <line num="340" count="2" type="stmt"/>
        <line num="346" count="2" type="stmt"/>
        <line num="347" count="2" type="stmt"/>
        <line num="348" count="2" type="stmt"/>
        <line num="349" count="1" type="stmt"/>
        <line num="355" count="1" type="stmt"/>
        <line num="357" count="1" type="stmt"/>
        <line num="368" count="11" type="stmt"/>
        <line num="369" count="80" type="stmt"/>
        <line num="370" count="80" type="stmt"/>
        <line num="371" count="80" type="stmt"/>
        <line num="374" count="11" type="stmt"/>
        <line num="375" count="11" type="stmt"/>
        <line num="378" count="11" type="stmt"/>
        <line num="379" count="80" type="stmt"/>
        <line num="381" count="69" type="stmt"/>
      </file>
      <file name="CASpacesSearch.vue" path="/home/schlitzer/PycharmProjects/pyppetdb-web/src/components/special/CASpacesSearch.vue">
        <metrics statements="40" coveredstatements="40" conditionals="26" coveredconditionals="23" methods="20" coveredmethods="20"/>
        <line num="2" count="12" type="stmt"/>
        <line num="7" count="3" type="cond" truecount="2" falsecount="0"/>
        <line num="10" count="3" type="stmt"/>
        <line num="18" count="3" type="stmt"/>
        <line num="22" count="1" type="cond" truecount="2" falsecount="0"/>
        <line num="24" count="4" type="cond" truecount="2" falsecount="0"/>
        <line num="26" count="3" type="stmt"/>
        <line num="27" count="3" type="stmt"/>
        <line num="36" count="1" type="cond" truecount="2" falsecount="0"/>
        <line num="42" count="3" type="stmt"/>
        <line num="51" count="1" type="cond" truecount="2" falsecount="0"/>
        <line num="56" count="6" type="stmt"/>
        <line num="58" count="7" type="stmt"/>
        <line num="62" count="3" type="stmt"/>
        <line num="80" count="3" type="stmt"/>
        <line num="90" count="3" type="stmt"/>
        <line num="93" count="11" type="stmt"/>
        <line num="96" count="3" type="stmt"/>
        <line num="97" count="3" type="stmt"/>
        <line num="104" count="3" type="stmt"/>
        <line num="105" count="3" type="stmt"/>
        <line num="134" count="3" type="stmt"/>
        <line num="135" count="3" type="stmt"/>
        <line num="137" count="3" type="stmt"/>
        <line num="153" count="3" type="stmt"/>
        <line num="157" count="3" type="stmt"/>
        <line num="158" count="3" type="stmt"/>
        <line num="161" count="3" type="stmt"/>
        <line num="162" count="1" type="stmt"/>
        <line num="180" count="3" type="stmt"/>
        <line num="181" count="1" type="stmt"/>
        <line num="189" count="3" type="stmt"/>
        <line num="190" count="3" type="cond" truecount="2" falsecount="0"/>
        <line num="191" count="3" type="cond" truecount="2" falsecount="0"/>
        <line num="199" count="3" type="stmt"/>
        <line num="207" count="3" type="stmt"/>
        <line num="208" count="1" type="stmt"/>
        <line num="211" count="3" type="stmt"/>
        <line num="213" count="3" type="stmt"/>
        <line num="214" count="3" type="stmt"/>
      </file>
      <file name="CAValidationConfig.vue" path="/home/schlitzer/PycharmProjects/pyppetdb-web/src/components/special/CAValidationConfig.vue">
        <metrics statements="302" coveredstatements="283" conditionals="283" coveredconditionals="225" methods="96" coveredmethods="93"/>
        <line num="2" count="461" type="cond" truecount="1" falsecount="0"/>
        <line num="5" count="40" type="cond" truecount="2" falsecount="0"/>
        <line num="7" count="5" type="stmt"/>
        <line num="8" count="5" type="stmt"/>
        <line num="11" count="2" type="cond" truecount="2" falsecount="0"/>
        <line num="22" count="5" type="stmt"/>
        <line num="28" count="1" type="cond" truecount="2" falsecount="0"/>
        <line num="37" count="5" type="stmt"/>
        <line num="43" count="1" type="cond" truecount="2" falsecount="0"/>
        <line num="50" count="5" type="stmt"/>
        <line num="51" count="4149" type="stmt"/>
        <line num="57" count="18" type="stmt"/>
        <line num="62" count="5" type="stmt"/>
        <line num="68" count="1" type="cond" truecount="2" falsecount="0"/>
        <line num="75" count="5" type="stmt"/>
        <line num="76" count="3227" type="stmt"/>
        <line num="82" count="14" type="stmt"/>
        <line num="86" count="461" type="stmt"/>
        <line num="88" count="80" type="stmt"/>
        <line num="91" count="40" type="cond" truecount="2" falsecount="0"/>
        <line num="93" count="5" type="stmt"/>
        <line num="94" count="5" type="stmt"/>
        <line num="97" count="2" type="cond" truecount="2" falsecount="0"/>
        <line num="109" count="5" type="stmt"/>
        <line num="118" count="1" type="cond" truecount="2" falsecount="0"/>
        <line num="126" count="5" type="stmt"/>
        <line num="132" count="5" type="stmt"/>
        <line num="133" count="8" type="stmt"/>
        <line num="139" count="1" type="stmt"/>
        <line num="148" count="1" type="stmt"/>
        <line num="162" count="5" type="stmt"/>
        <line num="168" count="5" type="stmt"/>
        <line num="169" count="3" type="stmt"/>
        <line num="174" count="5" type="stmt"/>
        <line num="176" count="0" type="stmt"/>
        <line num="183" count="0" type="stmt"/>
        <line num="190" count="5" type="stmt"/>
        <line num="221" count="0" type="stmt"/>
        <line num="240" count="5" type="stmt"/>
        <line num="246" count="5" type="stmt"/>
        <line num="247" count="4" type="stmt"/>
        <line num="252" count="5" type="stmt"/>
        <line num="254" count="5" type="stmt"/>
        <line num="261" count="1" type="stmt"/>
        <line num="265" count="5" type="stmt"/>
        <line num="266" count="5" type="stmt"/>
        <line num="269" count="1" type="stmt"/>
        <line num="275" count="5" type="stmt"/>
        <line num="278" count="1" type="stmt"/>
        <line num="286" count="5" type="stmt"/>
        <line num="291" count="5" type="stmt"/>
        <line num="292" count="1" type="stmt"/>
        <line num="298" count="1" type="stmt"/>
        <line num="304" count="1" type="stmt"/>
        <line num="310" count="5" type="stmt"/>
        <line num="312" count="1" type="stmt"/>
        <line num="321" count="1" type="stmt"/>
        <line num="329" count="1" type="stmt"/>
        <line num="335" count="5" type="stmt"/>
        <line num="337" count="5" type="stmt"/>
        <line num="339" count="1" type="stmt"/>
        <line num="351" count="5" type="stmt"/>
        <line num="354" count="1" type="stmt"/>
        <line num="359" count="5" type="stmt"/>
        <line num="362" count="1" type="stmt"/>
        <line num="371" count="5" type="stmt"/>
        <line num="374" count="1" type="stmt"/>
        <line num="381" count="5" type="stmt"/>
        <line num="382" count="5" type="stmt"/>
        <line num="384" count="1" type="stmt"/>
        <line num="389" count="5" type="stmt"/>
        <line num="392" count="1" type="stmt"/>
        <line num="410" count="5" type="stmt"/>
        <line num="415" count="1" type="stmt"/>
        <line num="421" count="5" type="stmt"/>
        <line num="426" count="1" type="stmt"/>
        <line num="432" count="5" type="stmt"/>
        <line num="437" count="1" type="stmt"/>
        <line num="457" count="5" type="stmt"/>
        <line num="463" count="5" type="stmt"/>
        <line num="464" count="2" type="stmt"/>
        <line num="469" count="5" type="stmt"/>
        <line num="471" count="5" type="stmt"/>
        <line num="478" count="1" type="stmt"/>
        <line num="481" count="5" type="stmt"/>
        <line num="482" count="5" type="stmt"/>
        <line num="485" count="1" type="stmt"/>
        <line num="491" count="5" type="stmt"/>
        <line num="496" count="1" type="stmt"/>
        <line num="514" count="410" type="stmt"/>
        <line num="519" count="40" type="cond" truecount="2" falsecount="0"/>
        <line num="521" count="5" type="stmt"/>
        <line num="522" count="5" type="stmt"/>
        <line num="525" count="2" type="cond" truecount="2" falsecount="0"/>
        <line num="538" count="5" type="stmt"/>
        <line num="540" count="5" type="stmt"/>
        <line num="548" count="1" type="cond" truecount="2" falsecount="0"/>
        <line num="562" count="5" type="stmt"/>
        <line num="563" count="6" type="stmt"/>
        <line num="568" count="5" type="stmt"/>
        <line num="569" count="5" type="stmt"/>
        <line num="576" count="1" type="stmt"/>
        <line num="580" count="5" type="stmt"/>
        <line num="583" count="1" type="stmt"/>
        <line num="590" count="5" type="stmt"/>
        <line num="595" count="5" type="stmt"/>
        <line num="596" count="10" type="stmt"/>
        <line num="602" count="1" type="stmt"/>
        <line num="611" count="1" type="stmt"/>
        <line num="619" count="1" type="stmt"/>
        <line num="652" count="5" type="stmt"/>
        <line num="658" count="5" type="stmt"/>
        <line num="659" count="10" type="stmt"/>
        <line num="670" count="5" type="stmt"/>
        <line num="677" count="6" type="stmt"/>
        <line num="683" count="5" type="stmt"/>
        <line num="693" count="5" type="stmt"/>
        <line num="698" count="5" type="stmt"/>
        <line num="724" count="407" type="stmt"/>
        <line num="751" count="40" type="stmt"/>
        <line num="753" count="40" type="stmt"/>
        <line num="768" count="40" type="stmt"/>
        <line num="770" count="40" type="stmt"/>
        <line num="782" count="40" type="stmt"/>
        <line num="792" count="40" type="stmt"/>
        <line num="794" count="282" type="stmt"/>
        <line num="797" count="4" type="cond" truecount="1" falsecount="1"/>
        <line num="798" count="0" type="stmt"/>
        <line num="800" count="4" type="cond" truecount="2" falsecount="0"/>
        <line num="801" count="3" type="stmt"/>
        <line num="808" count="1" type="stmt"/>
        <line num="813" count="40" type="stmt"/>
        <line num="815" count="282" type="stmt"/>
        <line num="818" count="4" type="cond" truecount="1" falsecount="1"/>
        <line num="819" count="0" type="stmt"/>
        <line num="821" count="4" type="cond" truecount="2" falsecount="0"/>
        <line num="822" count="3" type="stmt"/>
        <line num="824" count="1" type="stmt"/>
        <line num="829" count="40" type="stmt"/>
        <line num="830" count="40" type="stmt"/>
        <line num="831" count="3" type="cond" truecount="1" falsecount="1"/>
        <line num="832" count="0" type="stmt"/>
        <line num="835" count="3" type="stmt"/>
        <line num="836" count="3" type="cond" truecount="2" falsecount="0"/>
        <line num="837" count="1" type="stmt"/>
        <line num="842" count="2" type="stmt"/>
        <line num="843" count="2" type="stmt"/>
        <line num="844" count="2" type="stmt"/>
        <line num="845" count="2" type="stmt"/>
        <line num="846" count="2" type="cond" truecount="1" falsecount="1"/>
        <line num="847" count="2" type="stmt"/>
        <line num="848" count="2" type="stmt"/>
        <line num="849" count="2" type="cond" truecount="2" falsecount="0"/>
        <line num="850" count="1" type="stmt"/>
        <line num="856" count="2" type="stmt"/>
        <line num="863" count="40" type="stmt"/>
        <line num="864" count="40" type="stmt"/>
        <line num="866" count="40" type="stmt"/>
        <line num="867" count="2" type="stmt"/>
        <line num="868" count="2" type="stmt"/>
        <line num="873" count="2" type="cond" truecount="3" falsecount="1"/>
        <line num="874" count="2" type="stmt"/>
        <line num="881" count="40" type="stmt"/>
        <line num="882" count="40" type="stmt"/>
        <line num="883" count="40" type="stmt"/>
        <line num="887" count="39" type="cond" truecount="5" falsecount="0"/>
        <line num="888" count="18" type="stmt"/>
        <line num="889" count="18" type="stmt"/>
        <line num="896" count="40" type="stmt"/>
        <line num="897" count="40" type="stmt"/>
        <line num="900" count="40" type="stmt"/>
        <line num="901" count="6" type="cond" truecount="4" falsecount="0"/>
        <line num="902" count="3" type="stmt"/>
        <line num="905" count="3" type="stmt"/>
        <line num="906" count="3" type="cond" truecount="2" falsecount="0"/>
        <line num="907" count="1" type="stmt"/>
        <line num="910" count="2" type="stmt"/>
        <line num="911" count="2" type="stmt"/>
        <line num="912" count="2" type="stmt"/>
        <line num="913" count="2" type="stmt"/>
        <line num="914" count="2" type="cond" truecount="1" falsecount="1"/>
        <line num="915" count="0" type="stmt"/>
        <line num="918" count="2" type="stmt"/>
        <line num="919" count="2" type="cond" truecount="1" falsecount="1"/>
        <line num="921" count="3" type="cond" truecount="1" falsecount="1"/>
        <line num="922" count="6" type="stmt"/>
        <line num="923" count="6" type="stmt"/>
        <line num="924" count="6" type="stmt"/>
        <line num="925" count="8" type="cond" truecount="2" falsecount="0"/>
        <line num="926" count="2" type="stmt"/>
        <line num="927" count="2" type="cond" truecount="3" falsecount="1"/>
        <line num="928" count="2" type="stmt"/>
        <line num="931" count="6" type="cond" truecount="2" falsecount="0"/>
        <line num="932" count="4" type="stmt"/>
        <line num="934" count="2" type="stmt"/>
        <line num="935" count="2" type="stmt"/>
        <line num="937" count="6" type="stmt"/>
        <line num="944" count="3" type="stmt"/>
        <line num="945" count="3" type="stmt"/>
        <line num="946" count="6" type="stmt"/>
        <line num="951" count="3" type="stmt"/>
        <line num="952" count="4" type="stmt"/>
        <line num="958" count="3" type="stmt"/>
        <line num="964" count="0" type="stmt"/>
        <line num="969" count="40" type="stmt"/>
        <line num="970" count="20" type="cond" truecount="1" falsecount="1"/>
        <line num="971" count="0" type="cond" truecount="0" falsecount="2"/>
        <line num="972" count="0" type="stmt"/>
        <line num="975" count="20" type="cond" truecount="1" falsecount="1"/>
        <line num="976" count="20" type="stmt"/>
        <line num="977" count="20" type="cond" truecount="2" falsecount="0"/>
        <line num="978" count="3" type="stmt"/>
        <line num="980" count="17" type="stmt"/>
        <line num="984" count="40" type="stmt"/>
        <line num="985" count="16" type="cond" truecount="1" falsecount="1"/>
        <line num="986" count="0" type="cond" truecount="0" falsecount="2"/>
        <line num="987" count="0" type="stmt"/>
        <line num="990" count="16" type="cond" truecount="1" falsecount="1"/>
        <line num="991" count="16" type="stmt"/>
        <line num="992" count="16" type="cond" truecount="2" falsecount="0"/>
        <line num="993" count="3" type="stmt"/>
        <line num="995" count="13" type="stmt"/>
        <line num="999" count="40" type="stmt"/>
        <line num="1000" count="2" type="cond" truecount="1" falsecount="1"/>
        <line num="1001" count="2" type="cond" truecount="1" falsecount="1"/>
        <line num="1002" count="0" type="stmt"/>
        <line num="1004" count="2" type="stmt"/>
        <line num="1020" count="40" type="stmt"/>
        <line num="1021" count="2" type="cond" truecount="1" falsecount="1"/>
        <line num="1022" count="2" type="stmt"/>
        <line num="1025" count="40" type="stmt"/>
        <line num="1026" count="2" type="stmt"/>
        <line num="1027" count="2" type="cond" truecount="2" falsecount="0"/>
        <line num="1028" count="1" type="cond" truecount="1" falsecount="1"/>
        <line num="1029" count="0" type="stmt"/>
        <line num="1031" count="1" type="stmt"/>
        <line num="1038" count="40" type="stmt"/>
        <line num="1039" count="2" type="stmt"/>
        <line num="1040" count="2" type="cond" truecount="4" falsecount="0"/>
        <line num="1041" count="1" type="stmt"/>
        <line num="1044" count="40" type="stmt"/>
        <line num="1045" count="2" type="cond" truecount="1" falsecount="1"/>
        <line num="1046" count="2" type="cond" truecount="1" falsecount="1"/>
        <line num="1047" count="0" type="stmt"/>
        <line num="1049" count="2" type="stmt"/>
        <line num="1055" count="40" type="stmt"/>
        <line num="1056" count="2" type="cond" truecount="1" falsecount="1"/>
        <line num="1057" count="2" type="stmt"/>
        <line num="1060" count="40" type="stmt"/>
        <line num="1061" count="2" type="cond" truecount="1" falsecount="1"/>
        <line num="1062" count="2" type="cond" truecount="1" falsecount="1"/>
        <line num="1063" count="0" type="stmt"/>
        <line num="1065" count="2" type="stmt"/>
        <line num="1068" count="40" type="stmt"/>
        <line num="1069" count="2" type="cond" truecount="1" falsecount="1"/>
        <line num="1070" count="2" type="stmt"/>
        <line num="1073" count="40" type="stmt"/>
        <line num="1074" count="2" type="stmt"/>
        <line num="1077" count="40" type="stmt"/>
        <line num="1078" count="1" type="stmt"/>
        <line num="1081" count="40" type="stmt"/>
        <line num="1082" count="2" type="cond" truecount="1" falsecount="1"/>
        <line num="1083" count="2" type="cond" truecount="1" falsecount="1"/>
        <line num="1084" count="0" type="stmt"/>
        <line num="1086" count="2" type="stmt"/>
        <line num="1092" count="40" type="stmt"/>
        <line num="1093" count="2" type="cond" truecount="1" falsecount="1"/>
        <line num="1094" count="2" type="stmt"/>
        <line num="1097" count="40" type="stmt"/>
        <line num="1098" count="2" type="cond" truecount="2" falsecount="0"/>
        <line num="1099" count="1" type="cond" truecount="1" falsecount="1"/>
        <line num="1100" count="0" type="stmt"/>
        <line num="1102" count="1" type="stmt"/>
        <line num="1105" count="40" type="stmt"/>
        <line num="1106" count="2" type="cond" truecount="2" falsecount="0"/>
        <line num="1107" count="1" type="stmt"/>
        <line num="1110" count="40" type="stmt"/>
        <line num="1113" count="326" type="cond" truecount="4" falsecount="0"/>
        <line num="1114" count="1" type="stmt"/>
        <line num="1115" count="1" type="stmt"/>
        <line num="1117" count="325" type="cond" truecount="2" falsecount="0"/>
        <line num="1118" count="1" type="stmt"/>
        <line num="1120" count="325" type="cond" truecount="2" falsecount="0"/>
        <line num="1121" count="1" type="stmt"/>
        <line num="1123" count="325" type="cond" truecount="2" falsecount="0"/>
        <line num="1124" count="1" type="stmt"/>
        <line num="1126" count="325" type="cond" truecount="2" falsecount="0"/>
        <line num="1127" count="46" type="cond" truecount="2" falsecount="0"/>
        <line num="1128" count="1" type="stmt"/>
        <line num="1130" count="46" type="cond" truecount="1" falsecount="1"/>
        <line num="1131" count="0" type="stmt"/>
        <line num="1133" count="46" type="stmt"/>
        <line num="1134" count="6" type="cond" truecount="1" falsecount="1"/>
        <line num="1135" count="6" type="cond" truecount="2" falsecount="0"/>
        <line num="1136" count="1" type="stmt"/>
        <line num="1141" count="46" type="cond" truecount="2" falsecount="0"/>
        <line num="1142" count="1" type="stmt"/>
        <line num="1145" count="325" type="cond" truecount="2" falsecount="0"/>
        <line num="1146" count="44" type="stmt"/>
        <line num="1147" count="6" type="cond" truecount="1" falsecount="1"/>
        <line num="1148" count="6" type="cond" truecount="2" falsecount="0"/>
        <line num="1149" count="1" type="stmt"/>
      </file>
[...]
      </file>
      <file name="ca.ts" path="/home/schlitzer/PycharmProjects/pyppetdb-web/src/resources/ca.ts">
        <metrics statements="36" coveredstatements="36" conditionals="0" coveredconditionals="0" methods="26" coveredmethods="26"/>
        <line num="12" count="2" type="stmt"/>
        <line num="37" count="1" type="stmt"/>
        <line num="51" count="1" type="stmt"/>
        <line num="56" count="1" type="stmt"/>
        <line num="87" count="1" type="stmt"/>
        <line num="88" count="1" type="stmt"/>
        <line num="89" count="1" type="stmt"/>
        <line num="93" count="2" type="stmt"/>
        <line num="98" count="1" type="stmt"/>
        <line num="107" count="1" type="stmt"/>
        <line num="117" count="1" type="stmt"/>
        <line num="142" count="1" type="stmt"/>
        <line num="167" count="1" type="stmt"/>
        <line num="168" count="1" type="stmt"/>
        <line num="171" count="1" type="stmt"/>
        <line num="172" count="1" type="stmt"/>
        <line num="175" count="1" type="stmt"/>
        <line num="176" count="1" type="stmt"/>
        <line num="181" count="2" type="stmt"/>
        <line num="206" count="1" type="stmt"/>
        <line num="220" count="1" type="stmt"/>
        <line num="225" count="1" type="stmt"/>
        <line num="252" count="1" type="stmt"/>
        <line num="253" count="1" type="stmt"/>
        <line num="254" count="1" type="stmt"/>
        <line num="258" count="2" type="stmt"/>
        <line num="263" count="1" type="stmt"/>
        <line num="272" count="1" type="stmt"/>
        <line num="285" count="1" type="stmt"/>
        <line num="313" count="1" type="stmt"/>
        <line num="346" count="1" type="stmt"/>
        <line num="347" count="1" type="stmt"/>
        <line num="350" count="1" type="stmt"/>
        <line num="351" count="1" type="stmt"/>
        <line num="354" count="1" type="stmt"/>
        <line num="355" count="1" type="stmt"/>
      </file>
      <file name="hiera.ts" path="/home/schlitzer/PycharmProjects/pyppetdb-web/src/resources/hiera.ts">
        <metrics statements="34" coveredstatements="34" conditionals="2" coveredconditionals="2" methods="27" coveredmethods="27"/>
        <line num="8" count="2" type="stmt"/>
        <line num="33" count="1" type="stmt"/>
        <line num="47" count="1" type="stmt"/>
        <line num="79" count="3" type="cond" truecount="2" falsecount="0"/>
        <line num="80" count="3" type="stmt"/>
        <line num="98" count="1" type="stmt"/>
        <line num="99" count="1" type="stmt"/>
        <line num="100" count="1" type="stmt"/>
        <line num="104" count="2" type="stmt"/>
        <line num="129" count="1" type="stmt"/>
        <line num="143" count="1" type="stmt"/>
        <line num="169" count="1" type="stmt"/>
        <line num="170" count="1" type="stmt"/>
        <line num="171" count="1" type="stmt"/>
        <line num="175" count="2" type="stmt"/>
        <line num="206" count="1" type="stmt"/>
        <line num="222" count="1" type="stmt"/>
        <line num="249" count="1" type="stmt"/>
        <line num="250" count="1" type="stmt"/>
        <line num="251" count="1" type="stmt"/>
        <line num="255" count="2" type="stmt"/>
        <line num="281" count="1" type="stmt"/>
        <line num="298" count="1" type="stmt"/>
        <line num="330" count="1" type="stmt"/>
        <line num="331" count="1" type="stmt"/>
        <line num="332" count="1" type="stmt"/>
        <line num="336" count="2" type="stmt"/>
        <line num="362" count="1" type="stmt"/>
        <line num="379" count="1" type="stmt"/>
        <line num="411" count="1" type="stmt"/>
        <line num="412" count="1" type="stmt"/>
        <line num="413" count="1" type="stmt"/>
        <line num="417" count="2" type="stmt"/>
        <line num="443" count="1" type="stmt"/>
      </file>
      <file name="index.ts" path="/home/schlitzer/PycharmProjects/pyppetdb-web/src/resources/index.ts">
        <metrics statements="1" coveredstatements="1" conditionals="0" coveredconditionals="0" methods="0" coveredmethods="0"/>
        <line num="24" count="1" type="stmt"/>
      </file>
      <file name="jobs.ts" path="/home/schlitzer/PycharmProjects/pyppetdb-web/src/resources/jobs.ts">
        <metrics statements="16" coveredstatements="16" conditionals="2" coveredconditionals="2" methods="13" coveredmethods="13"/>
        <line num="7" count="2" type="stmt"/>
        <line num="32" count="1" type="stmt"/>
        <line num="46" count="1" type="stmt"/>
        <line num="81" count="1" type="stmt"/>
        <line num="82" count="1" type="stmt"/>
        <line num="83" count="1" type="stmt"/>
        <line num="87" count="2" type="stmt"/>
        <line num="113" count="1" type="stmt"/>
        <line num="126" count="1" type="stmt"/>
        <line num="144" count="2" type="cond" truecount="2" falsecount="0"/>
        <line num="171" count="1" type="stmt"/>
        <line num="172" count="1" type="stmt"/>
        <line num="173" count="1" type="stmt"/>
        <line num="177" count="2" type="stmt"/>
        <line num="203" count="1" type="stmt"/>
        <line num="217" count="1" type="stmt"/>
      </file>
      <file name="nodes.ts" path="/home/schlitzer/PycharmProjects/pyppetdb-web/src/resources/nodes.ts">
        <metrics statements="41" coveredstatements="41" conditionals="20" coveredconditionals="20" methods="30" coveredmethods="30"/>
        <line num="9" count="3" type="stmt"/>
        <line num="11" count="3" type="cond" truecount="2" falsecount="0"/>
        <line num="12" count="3" type="stmt"/>
        <line num="13" count="4" type="stmt"/>
        <line num="14" count="4" type="stmt"/>
        <line num="24" count="9" type="cond" truecount="2" falsecount="0"/>
        <line num="25" count="1" type="stmt"/>
        <line num="27" count="8" type="stmt"/>
        <line num="30" count="8" type="cond" truecount="4" falsecount="0"/>
        <line num="34" count="1" type="stmt"/>
        <line num="36" count="8" type="cond" truecount="2" falsecount="0"/>
        <line num="40" count="3" type="stmt"/>
        <line num="67" count="1" type="stmt"/>
        <line num="80" count="1" type="stmt"/>
        <line num="85" count="1" type="stmt"/>
        <line num="93" count="1" type="stmt"/>
        <line num="145" count="1" type="stmt"/>
        <line num="146" count="1" type="stmt"/>
        <line num="147" count="1" type="stmt"/>
        <line num="151" count="3" type="stmt"/>
        <line num="177" count="1" type="stmt"/>
        <line num="191" count="1" type="stmt"/>
        <line num="227" count="1" type="stmt"/>
        <line num="228" count="1" type="stmt"/>
        <line num="229" count="1" type="stmt"/>
        <line num="233" count="3" type="stmt"/>
        <line num="238" count="1" type="stmt"/>
        <line num="249" count="1" type="stmt"/>
        <line num="259" count="1" type="stmt"/>
        <line num="281" count="1" type="stmt"/>
        <line num="299" count="2" type="cond" truecount="2" falsecount="0"/>
        <line num="308" count="3" type="stmt"/>
        <line num="334" count="1" type="stmt"/>
        <line num="348" count="1" type="stmt"/>
        <line num="375" count="1" type="stmt"/>
        <line num="376" count="1" type="stmt"/>
        <line num="398" count="1" type="stmt"/>
        <line num="399" count="1" type="stmt"/>
        <line num="400" count="1" type="stmt"/>
        <line num="404" count="3" type="stmt"/>
        <line num="429" count="1" type="stmt"/>
      </file>
    </package>
    <package name="stores">
      <metrics statements="73" coveredstatements="73" conditionals="35" coveredconditionals="30" methods="28" coveredmethods="23"/>
      <file name="apiError.ts" path="/home/schlitzer/PycharmProjects/pyppetdb-web/src/stores/apiError.ts">
        <metrics statements="20" coveredstatements="20" conditionals="9" coveredconditionals="9" methods="8" coveredmethods="4"/>
        <line num="4" count="10" type="stmt"/>
        <line num="5" count="20" type="stmt"/>
        <line num="6" count="20" type="stmt"/>
        <line num="7" count="20" type="stmt"/>
        <line num="8" count="20" type="stmt"/>
        <line num="10" count="20" type="stmt"/>
        <line num="11" count="20" type="stmt"/>
        <line num="12" count="20" type="stmt"/>
        <line num="13" count="20" type="stmt"/>
        <line num="16" count="5" type="cond" truecount="5" falsecount="0"/>
        <line num="17" count="4" type="stmt"/>
        <line num="20" count="4" type="cond" truecount="2" falsecount="0"/>
        <line num="21" count="4" type="cond" truecount="2" falsecount="0"/>
        <line num="23" count="5" type="stmt"/>
        <line num="27" count="3" type="stmt"/>
        <line num="28" count="3" type="stmt"/>
        <line num="29" count="3" type="stmt"/>
        <line num="30" count="3" type="stmt"/>
        <line num="34" count="2" type="stmt"/>
        <line num="37" count="20" type="stmt"/>
      </file>
      <file name="auth.ts" path="/home/schlitzer/PycharmProjects/pyppetdb-web/src/stores/auth.ts">
        <metrics statements="43" coveredstatements="43" conditionals="20" coveredconditionals="16" methods="17" coveredmethods="16"/>
        <line num="6" count="11" type="stmt"/>
        <line num="7" count="43" type="stmt"/>
        <line num="8" count="43" type="stmt"/>
        <line num="9" count="43" type="stmt"/>
        <line num="11" count="43" type="stmt"/>
        <line num="12" count="43" type="cond" truecount="2" falsecount="0"/>
        <line num="13" count="43" type="stmt"/>
        <line num="14" count="8" type="cond" truecount="2" falsecount="0"/>
        <line num="15" count="7" type="cond" truecount="2" falsecount="0"/>
        <line num="17" count="43" type="stmt"/>
        <line num="18" count="4" type="cond" truecount="1" falsecount="1"/>
        <line num="22" count="3" type="cond" truecount="2" falsecount="0"/>
        <line num="23" count="2" type="stmt"/>
        <line num="27" count="2" type="cond" truecount="2" falsecount="0"/>
        <line num="28" count="1" type="stmt"/>
        <line num="29" count="1" type="stmt"/>
        <line num="33" count="1" type="cond" truecount="1" falsecount="1"/>
        <line num="34" count="1" type="stmt"/>
        <line num="35" count="1" type="stmt"/>
        <line num="36" count="1" type="stmt"/>
        <line num="37" count="2" type="stmt"/>
        <line num="38" count="2" type="cond" truecount="3" falsecount="1"/>
        <line num="39" count="2" type="stmt"/>
        <line num="42" count="1" type="stmt"/>
        <line num="46" count="1" type="stmt"/>
        <line num="50" count="3" type="stmt"/>
        <line num="54" count="11" type="stmt"/>
        <line num="55" count="11" type="stmt"/>
        <line num="59" count="5" type="stmt"/>
        <line num="63" count="5" type="stmt"/>
        <line num="67" count="6" type="stmt"/>
        <line num="71" count="5" type="stmt"/>
        <line num="72" count="5" type="stmt"/>
        <line num="73" count="5" type="stmt"/>
        <line num="77" count="2" type="stmt"/>
        <line num="78" count="2" type="stmt"/>
        <line num="79" count="1" type="cond" truecount="1" falsecount="1"/>
        <line num="80" count="1" type="stmt"/>
        <line num="81" count="1" type="stmt"/>
        <line num="82" count="1" type="stmt"/>
        <line num="85" count="1" type="stmt"/>
        <line num="86" count="1" type="stmt"/>
        <line num="90" count="43" type="stmt"/>
      </file>
      <file name="ui.ts" path="/home/schlitzer/PycharmProjects/pyppetdb-web/src/stores/ui.ts">
        <metrics statements="10" coveredstatements="10" conditionals="6" coveredconditionals="5" methods="3" coveredmethods="3"/>
        <line num="4" count="2" type="stmt"/>
        <line num="5" count="6" type="stmt"/>
        <line num="6" count="6" type="stmt"/>
        <line num="7" count="6" type="cond" truecount="3" falsecount="1"/>
        <line num="9" count="6" type="stmt"/>
        <line num="10" count="6" type="stmt"/>
        <line num="13" count="3" type="cond" truecount="2" falsecount="0"/>
        <line num="14" count="3" type="stmt"/>
        <line num="18" count="1" type="stmt"/>
        <line num="23" count="6" type="stmt"/>
      </file>
    </package>
    <package name="utils">
      <metrics statements="4" coveredstatements="4" conditionals="0" coveredconditionals="0" methods="3" coveredmethods="3"/>
      <file name="debounce.ts" path="/home/schlitzer/PycharmProjects/pyppetdb-web/src/utils/debounce.ts">
        <metrics statements="4" coveredstatements="4" conditionals="0" coveredconditionals="0" methods="3" coveredmethods="3"/>
        <line num="7" count="44" type="stmt"/>
        <line num="8" count="14" type="stmt"/>
        <line num="9" count="14" type="stmt"/>
        <line num="10" count="6" type="stmt"/>
      </file>
    </package>
    <package name="views">
      <metrics statements="104" coveredstatements="96" conditionals="55" coveredconditionals="44" methods="31" coveredmethods="28"/>
      <file name="HomeView.vue" path="/home/schlitzer/PycharmProjects/pyppetdb-web/src/views/HomeView.vue">
        <metrics statements="2" coveredstatements="2" conditionals="0" coveredconditionals="0" methods="0" coveredmethods="0"/>
        <line num="2" count="1" type="stmt"/>
        <line num="11" count="1" type="stmt"/>
      </file>
      <file name="LoginErrorView.vue" path="/home/schlitzer/PycharmProjects/pyppetdb-web/src/views/LoginErrorView.vue">
        <metrics statements="8" coveredstatements="8" conditionals="4" coveredconditionals="4" methods="3" coveredmethods="3"/>
        <line num="2" count="3" type="stmt"/>
        <line num="7" count="1" type="stmt"/>
        <line num="9" count="1" type="stmt"/>
        <line num="26" count="2" type="stmt"/>
        <line num="39" count="3" type="stmt"/>
        <line num="41" count="3" type="stmt"/>
        <line num="42" count="3" type="stmt"/>
        <line num="43" count="1" type="stmt"/>
      </file>
      <file name="LoginView.vue" path="/home/schlitzer/PycharmProjects/pyppetdb-web/src/views/LoginView.vue">
        <metrics statements="28" coveredstatements="27" conditionals="19" coveredconditionals="17" methods="8" coveredmethods="8"/>
        <line num="2" count="5" type="stmt"/>
        <line num="12" count="2" type="cond" truecount="2" falsecount="0"/>
        <line num="16" count="1" type="stmt"/>
        <line num="22" count="1" type="cond" truecount="2" falsecount="0"/>
        <line num="27" count="1" type="stmt"/>
        <line num="33" count="1" type="cond" truecount="2" falsecount="0"/>
        <line num="46" count="11" type="stmt"/>
        <line num="56" count="1" type="stmt"/>
        <line num="57" count="2" type="stmt"/>
        <line num="88" count="5" type="stmt"/>
        <line num="89" count="5" type="stmt"/>
        <line num="91" count="5" type="stmt"/>
        <line num="96" count="5" type="stmt"/>
        <line num="98" count="5" type="stmt"/>
        <line num="99" count="5" type="stmt"/>
        <line num="100" count="5" type="stmt"/>
        <line num="103" count="5" type="cond" truecount="3" falsecount="1"/>
        <line num="104" count="5" type="stmt"/>
        <line num="107" count="0" type="stmt"/>
        <line num="111" count="5" type="stmt"/>
        <line num="112" count="2" type="stmt"/>
        <line num="113" count="2" type="stmt"/>
        <line num="114" count="1" type="stmt"/>
        <line num="115" count="1" type="cond" truecount="1" falsecount="1"/>
        <line num="116" count="1" type="stmt"/>
        <line num="119" count="1" type="stmt"/>
        <line num="123" count="5" type="stmt"/>
        <line num="124" count="5" type="stmt"/>
      </file>
      <file name="LogoutView.vue" path="/home/schlitzer/PycharmProjects/pyppetdb-web/src/views/LogoutView.vue">
        <metrics statements="13" coveredstatements="13" conditionals="4" coveredconditionals="4" methods="3" coveredmethods="3"/>
        <line num="2" count="3" type="stmt"/>
        <line num="7" count="1" type="stmt"/>
        <line num="13" count="1" type="stmt"/>
        <line num="27" count="3" type="stmt"/>
        <line num="28" count="3" type="stmt"/>
        <line num="30" count="3" type="stmt"/>
        <line num="31" count="3" type="stmt"/>
        <line num="32" count="3" type="stmt"/>
        <line num="34" count="1" type="stmt"/>
        <line num="36" count="3" type="stmt"/>
        <line num="38" count="3" type="stmt"/>
        <line num="39" count="3" type="stmt"/>
        <line num="40" count="2" type="stmt"/>
      </file>
      <file name="ResourceCrudView.vue" path="/home/schlitzer/PycharmProjects/pyppetdb-web/src/views/ResourceCrudView.vue">
        <metrics statements="38" coveredstatements="31" conditionals="22" coveredconditionals="13" methods="12" coveredmethods="9"/>
        <line num="2" count="4" type="stmt"/>
        <line num="5" count="1" type="stmt"/>
        <line num="11" count="1" type="stmt"/>
        <line num="14" count="4" type="stmt"/>
        <line num="17" count="1" type="stmt"/>
        <line num="18" count="1" type="stmt"/>
        <line num="23" count="0" type="stmt"/>
        <line num="30" count="0" type="stmt"/>
        <line num="33" count="4" type="stmt"/>
        <line num="53" count="4" type="stmt"/>
        <line num="54" count="4" type="stmt"/>
        <line num="55" count="4" type="stmt"/>
        <line num="57" count="4" type="stmt"/>
        <line num="62" count="4" type="stmt"/>
        <line num="63" count="4" type="stmt"/>
        <line num="64" count="4" type="stmt"/>
        <line num="67" count="4" type="stmt"/>
        <line num="68" count="4" type="cond" truecount="2" falsecount="0"/>
        <line num="69" count="2" type="stmt"/>
        <line num="71" count="2" type="stmt"/>
        <line num="72" count="2" type="cond" truecount="1" falsecount="1"/>
        <line num="73" count="0" type="stmt"/>
        <line num="75" count="2" type="stmt"/>
        <line num="78" count="4" type="stmt"/>
        <line num="79" count="4" type="cond" truecount="4" falsecount="0"/>
        <line num="80" count="2" type="stmt"/>
        <line num="82" count="2" type="stmt"/>
        <line num="83" count="2" type="cond" truecount="4" falsecount="0"/>
        <line num="84" count="1" type="stmt"/>
        <line num="86" count="1" type="cond" truecount="2" falsecount="2"/>
        <line num="87" count="0" type="stmt"/>
        <line num="89" count="1" type="stmt"/>
        <line num="93" count="4" type="stmt"/>
        <line num="94" count="0" type="cond" truecount="0" falsecount="2"/>
        <line num="95" count="0" type="cond" truecount="0" falsecount="2"/>
        <line num="96" count="0" type="stmt"/>
        <line num="100" count="4" type="stmt"/>
        <line num="101" count="1" type="stmt"/>
      </file>
      <file name="ResourceSearchView.vue" path="/home/schlitzer/PycharmProjects/pyppetdb-web/src/views/ResourceSearchView.vue">
        <metrics statements="15" coveredstatements="15" conditionals="6" coveredconditionals="6" methods="5" coveredmethods="5"/>
        <line num="2" count="6" type="stmt"/>
        <line num="5" count="1" type="stmt"/>
        <line num="7" count="6" type="stmt"/>
        <line num="16" count="6" type="stmt"/>
        <line num="34" count="6" type="stmt"/>
        <line num="35" count="6" type="stmt"/>
        <line num="36" count="6" type="stmt"/>
        <line num="38" count="6" type="stmt"/>
        <line num="40" count="6" type="stmt"/>
        <line num="41" count="6" type="stmt"/>
        <line num="42" count="6" type="cond" truecount="2" falsecount="0"/>
        <line num="43" count="5" type="stmt"/>
        <line num="46" count="6" type="stmt"/>
        <line num="47" count="2" type="stmt"/>
        <line num="53" count="2" type="stmt"/>
      </file>
    </package>
  </project>
</coverage>
